<?xml version="1.0" encoding="UTF-8"?>
<!-- Generated by org.testng.reporters.JUnitXMLReporter -->
<testsuite hostname="SagarChawla-PC" ignored="0" name="Command line test" tests="6" failures="1" timestamp="2020-05-03T00:11:08 IST" time="139.631" errors="0">
  <testcase name="runScenario" time="35.484" classname="io.cucumber.testng.AbstractTestNGCucumberTests"/>
  <testcase name="runScenario" time="27.762" classname="io.cucumber.testng.AbstractTestNGCucumberTests"/>
  <testcase name="runScenario" time="25.795" classname="io.cucumber.testng.AbstractTestNGCucumberTests"/>
  <testcase name="runScenario" time="18.9" classname="io.cucumber.testng.AbstractTestNGCucumberTests"/>
  <testcase name="runScenario" time="20.927" classname="io.cucumber.testng.AbstractTestNGCucumberTests"/>
  <testcase name="runScenario" time="10.154" classname="io.cucumber.testng.AbstractTestNGCucumberTests">
    <failure type="java.lang.AssertionError" message="expected [Your store. Login] but found [Dashboard / nopCommerce administration]">
      <![CDATA[java.lang.AssertionError: expected [Your store. Login] but found [Dashboard / nopCommerce administration]
at pageObjects.LoginPage.verifyPageTitle(LoginPage.java:51)
at stepDefinitions.Steps.page_Title_should_be(Steps.java:44)
at ✽.Page Title should be "Dashboard / nopCommerce administration"(file:Features/Login.feature:20)
... Removed 5 stack frames]]>
    </failure>
  </testcase> <!-- runScenario -->
</testsuite> <!-- Command line test -->
