<?xml version="1.0" encoding="UTF-8"?>
<!-- Generated by org.testng.reporters.JUnitXMLReporter -->
<testsuite hostname="SagarChawla-PC" ignored="0" name="Command line test" tests="2" failures="1" timestamp="2020-05-04T23:36:42 IST" time="44.572" errors="0">
  <testcase name="runScenario" time="33.294" classname="io.cucumber.testng.AbstractTestNGCucumberTests"/>
  <testcase name="runScenario" time="10.543" classname="io.cucumber.testng.AbstractTestNGCucumberTests">
    <failure type="java.lang.AssertionError" message="expected [Your store. Login] but found [Dashboard / nopCommerce administration]">
      <![CDATA[java.lang.AssertionError: expected [Your store. Login] but found [Dashboard / nopCommerce administration]
at pageObjects.LoginPage.verifyPageTitle(LoginPage.java:51)
at stepDefinitions.Steps.page_Title_should_be(Steps.java:53)
at ✽.Page Title should be "Dashboard / nopCommerce administration"(file:Features/Login.feature:20)
... Removed 5 stack frames]]>
    </failure>
  </testcase> <!-- runScenario -->
</testsuite> <!-- Command line test -->
