<?xml version="1.0" encoding="UTF-8" ?>
<testsuite tests="6" failures="1" name="TestRunner.TestRun" time="205.7" errors="0" skipped="0">
  <properties>
[...]
</properties>
  <testcase classname="Customers" name="Add a new Customer" time="66.048"/>
  <testcase classname="Customers" name="Search Customer by EMailID" time="38.665"/>
  <testcase classname="Customers" name="Search Customer by Name" time="32.616"/>
  <testcase classname="Login to application" name="Successful Login with Valid Credentials" time="24.204"/>
  <testcase classname="Login to application" name="Login Data Driven" time="30.079"/>
  <testcase classname="Login to application" name="Login Data Driven" time="14.088">
    <failure type="java.lang.AssertionError">java.lang.AssertionError
	at org.junit.Assert.fail(Assert.java:87)
	at org.junit.Assert.assertTrue(Assert.java:42)
	at org.junit.Assert.assertTrue(Assert.java:53)
	at stepDefinitions.Steps.page_Title_should_be(Steps.java:46)
	at ✽.Page Title should be &quot;Dashboard / nopCommerce administration&quot;(file:///D:/AutomationFramework/AutomationFramework/./Features/Login.feature:18)
</failure>
    <system-out>
Scenario Outline: Login Data Driven                                          # Features/Login.feature:26
[DEBUG] Preference chrome=81 (valid until 2020-04-19 17:01:16)
[DEBUG] Preference chrome81=81.0.4044.69 (valid until 2020-04-19 17:01:16)
[INFO] Using chromedriver 81.0.4044.69 (since Google Chrome 81 is installed in your machine)
[DEBUG] Driver chromedriver 81.0.4044.69 found in cache
[INFO] Exporting webdriver.chrome.driver as C:\Users\Sagar Chawla\.m2\repository\webdriver\chromedriver\win32\81.0.4044.69\chromedriver.exe
[DEBUG] Entry count for : http://localhost:44714 : 1
[DEBUG] Adding Candidate expired Channel [id: 0x5bb0590c, L:/127.0.0.1:50704 ! R:localhost/127.0.0.1:44714] isIdleTimeoutExpired=false isRemotelyClosed=true isTtlExpired=false
[DEBUG] Closing Idle Channel [id: 0x5bb0590c, L:/127.0.0.1:50704 ! R:localhost/127.0.0.1:44714]
[DEBUG] Closed 1 connections out of 1 in 1 ms
[DEBUG] Using new Channel &apos;[id: 0xac3b9763, L:/127.0.0.1:50733 - R:localhost/127.0.0.1:31468]&apos; for &apos;POST&apos; to &apos;/session&apos;
[DEBUG] 

Request DefaultHttpRequest(decodeResult: success, version: HTTP/1.1)
POST /session HTTP/1.1
User-Agent: selenium/4.0.0-alpha-5 (java windows)
Content-Length: 365
Content-Type: application/json; charset=utf-8
host: localhost:31468
accept: */*

Response DefaultHttpResponse(decodeResult: success, version: HTTP/1.1)
HTTP/1.1 200 OK
Content-Length: 719
Content-Type: application/json; charset=utf-8
cache-control: no-cache

[DEBUG] Adding key: http://localhost:31468 for channel [id: 0xac3b9763, L:/127.0.0.1:50733 - R:localhost/127.0.0.1:31468]
[DEBUG] Using new Channel &apos;[id: 0xe6b885d2, L:/127.0.0.1:50742 - R:localhost/127.0.0.1:50734]&apos; for &apos;GET&apos; to &apos;/json/version&apos;
[DEBUG] 

Request DefaultFullHttpRequest(decodeResult: success, version: HTTP/1.1, content: EmptyByteBufBE)
GET /json/version HTTP/1.1
User-Agent: selenium/4.0.0-alpha-5 (java windows)
host: localhost:50734
accept: */*

Response DefaultHttpResponse(decodeResult: success, version: HTTP/1.1)
HTTP/1.1 200 OK
Content-Length: 415
Content-Type: application/json; charset=UTF-8

[DEBUG] Adding key: http://localhost:50734 for channel [id: 0xe6b885d2, L:/127.0.0.1:50742 - R:localhost/127.0.0.1:50734]
[DEBUG] Using new Channel &apos;[id: 0x72aa4b5a, L:/127.0.0.1:50743 - R:localhost/127.0.0.1:50734]&apos; for &apos;GET&apos; to &apos;/devtools/browser/a97aacad-5954-41b6-ad76-42f89c868e5c&apos;
[DEBUG] 

Request DefaultFullHttpRequest(decodeResult: success, version: HTTP/1.1, content: EmptyByteBufBE)
GET /devtools/browser/a97aacad-5954-41b6-ad76-42f89c868e5c HTTP/1.1
upgrade: websocket
connection: upgrade
sec-websocket-key: ZjTuOpEwZas1OnRBUtpprA==
sec-websocket-version: 13
origin: http://localhost:50734
host: localhost:50734
accept: */*
user-agent: AHC/2.1

Response DefaultHttpResponse(decodeResult: success, version: HTTP/1.1)
HTTP/1.1 101 WebSocket Protocol Handshake
Upgrade: WebSocket
Connection: Upgrade
Sec-WebSocket-Accept: BaCGLFxkdH5NmOH5qqx+xWP8mPc=

  Given User Launch Chrome browser                                           # stepDefinitions.Steps.user_Launch_Chrome_browser()
[DEBUG] Using pooled Channel &apos;[id: 0xac3b9763, L:/127.0.0.1:50733 - R:localhost/127.0.0.1:31468]&apos; for &apos;POST&apos; to &apos;http://localhost:31468/session/342f9a3efb3a1d5f70c5fc858d4b16f8/url&apos;
[DEBUG] Using open Channel [id: 0xac3b9763, L:/127.0.0.1:50733 - R:localhost/127.0.0.1:31468] for POST &apos;/session/342f9a3efb3a1d5f70c5fc858d4b16f8/url&apos;
[DEBUG] Entry count for : http://localhost:50734 : 1
[DEBUG] Entry count for : http://localhost:50734 : 1
[DEBUG] 

Request DefaultHttpRequest(decodeResult: success, version: HTTP/1.1)
POST /session/342f9a3efb3a1d5f70c5fc858d4b16f8/url HTTP/1.1
User-Agent: selenium/4.0.0-alpha-5 (java windows)
Content-Length: 69
Content-Type: application/json; charset=utf-8
host: localhost:31468
accept: */*

Response DefaultHttpResponse(decodeResult: success, version: HTTP/1.1)
HTTP/1.1 200 OK
Content-Length: 14
Content-Type: application/json; charset=utf-8
cache-control: no-cache

[DEBUG] Adding key: http://localhost:31468 for channel [id: 0xac3b9763, L:/127.0.0.1:50733 - R:localhost/127.0.0.1:31468]
[DEBUG] Using pooled Channel &apos;[id: 0xac3b9763, L:/127.0.0.1:50733 - R:localhost/127.0.0.1:31468]&apos; for &apos;POST&apos; to &apos;http://localhost:31468/session/342f9a3efb3a1d5f70c5fc858d4b16f8/window/maximize&apos;
[DEBUG] Using open Channel [id: 0xac3b9763, L:/127.0.0.1:50733 - R:localhost/127.0.0.1:31468] for POST &apos;/session/342f9a3efb3a1d5f70c5fc858d4b16f8/window/maximize&apos;
[DEBUG] Entry count for : http://localhost:50734 : 1
[DEBUG] Entry count for : http://localhost:50734 : 1
[DEBUG] 

Request DefaultHttpRequest(decodeResult: success, version: HTTP/1.1)
POST /session/342f9a3efb3a1d5f70c5fc858d4b16f8/window/maximize HTTP/1.1
User-Agent: selenium/4.0.0-alpha-5 (java windows)
Content-Length: 3
Content-Type: application/json; charset=utf-8
host: localhost:31468
accept: */*

Response DefaultHttpResponse(decodeResult: success, version: HTTP/1.1)
HTTP/1.1 200 OK
Content-Length: 51
Content-Type: application/json; charset=utf-8
cache-control: no-cache

[DEBUG] Adding key: http://localhost:31468 for channel [id: 0xac3b9763, L:/127.0.0.1:50733 - R:localhost/127.0.0.1:31468]
  When User opens URL &quot;http://admin-demo.nopcommerce.com/login&quot;              # stepDefinitions.Steps.user_opens_URL(java.lang.String)
[DEBUG] Using pooled Channel &apos;[id: 0xac3b9763, L:/127.0.0.1:50733 - R:localhost/127.0.0.1:31468]&apos; for &apos;POST&apos; to &apos;http://localhost:31468/session/342f9a3efb3a1d5f70c5fc858d4b16f8/element&apos;
[DEBUG] Using open Channel [id: 0xac3b9763, L:/127.0.0.1:50733 - R:localhost/127.0.0.1:31468] for POST &apos;/session/342f9a3efb3a1d5f70c5fc858d4b16f8/element&apos;
[DEBUG] 

Request DefaultHttpRequest(decodeResult: success, version: HTTP/1.1)
POST /session/342f9a3efb3a1d5f70c5fc858d4b16f8/element HTTP/1.1
User-Agent: selenium/4.0.0-alpha-5 (java windows)
Content-Length: 50
Content-Type: application/json; charset=utf-8
host: localhost:31468
accept: */*

Response DefaultHttpResponse(decodeResult: success, version: HTTP/1.1)
HTTP/1.1 200 OK
Content-Length: 88
Content-Type: application/json; charset=utf-8
cache-control: no-cache

[DEBUG] Adding key: http://localhost:31468 for channel [id: 0xac3b9763, L:/127.0.0.1:50733 - R:localhost/127.0.0.1:31468]
[DEBUG] Using pooled Channel &apos;[id: 0xac3b9763, L:/127.0.0.1:50733 - R:localhost/127.0.0.1:31468]&apos; for &apos;POST&apos; to &apos;http://localhost:31468/session/342f9a3efb3a1d5f70c5fc858d4b16f8/element/d35077f4-a761-4806-87a4-4f303cf39c39/clear&apos;
[DEBUG] Using open Channel [id: 0xac3b9763, L:/127.0.0.1:50733 - R:localhost/127.0.0.1:31468] for POST &apos;/session/342f9a3efb3a1d5f70c5fc858d4b16f8/element/d35077f4-a761-4806-87a4-4f303cf39c39/clear&apos;
[DEBUG] 

Request DefaultHttpRequest(decodeResult: success, version: HTTP/1.1)
POST /session/342f9a3efb3a1d5f70c5fc858d4b16f8/element/d35077f4-a761-4806-87a4-4f303cf39c39/clear HTTP/1.1
User-Agent: selenium/4.0.0-alpha-5 (java windows)
Content-Length: 50
Content-Type: application/json; charset=utf-8
host: localhost:31468
accept: */*

Response DefaultHttpResponse(decodeResult: success, version: HTTP/1.1)
HTTP/1.1 200 OK
Content-Length: 14
Content-Type: application/json; charset=utf-8
cache-control: no-cache

[DEBUG] Adding key: http://localhost:31468 for channel [id: 0xac3b9763, L:/127.0.0.1:50733 - R:localhost/127.0.0.1:31468]
[DEBUG] Using pooled Channel &apos;[id: 0xac3b9763, L:/127.0.0.1:50733 - R:localhost/127.0.0.1:31468]&apos; for &apos;POST&apos; to &apos;http://localhost:31468/session/342f9a3efb3a1d5f70c5fc858d4b16f8/element/d35077f4-a761-4806-87a4-4f303cf39c39/value&apos;
[DEBUG] Using open Channel [id: 0xac3b9763, L:/127.0.0.1:50733 - R:localhost/127.0.0.1:31468] for POST &apos;/session/342f9a3efb3a1d5f70c5fc858d4b16f8/element/d35077f4-a761-4806-87a4-4f303cf39c39/value&apos;
[DEBUG] 

Request DefaultHttpRequest(decodeResult: success, version: HTTP/1.1)
POST /session/342f9a3efb3a1d5f70c5fc858d4b16f8/element/d35077f4-a761-4806-87a4-4f303cf39c39/value HTTP/1.1
User-Agent: selenium/4.0.0-alpha-5 (java windows)
Content-Length: 281
Content-Type: application/json; charset=utf-8
host: localhost:31468
accept: */*

Response DefaultHttpResponse(decodeResult: success, version: HTTP/1.1)
HTTP/1.1 200 OK
Content-Length: 14
Content-Type: application/json; charset=utf-8
cache-control: no-cache

[DEBUG] Adding key: http://localhost:31468 for channel [id: 0xac3b9763, L:/127.0.0.1:50733 - R:localhost/127.0.0.1:31468]
[DEBUG] Using pooled Channel &apos;[id: 0xac3b9763, L:/127.0.0.1:50733 - R:localhost/127.0.0.1:31468]&apos; for &apos;POST&apos; to &apos;http://localhost:31468/session/342f9a3efb3a1d5f70c5fc858d4b16f8/element&apos;
[DEBUG] Using open Channel [id: 0xac3b9763, L:/127.0.0.1:50733 - R:localhost/127.0.0.1:31468] for POST &apos;/session/342f9a3efb3a1d5f70c5fc858d4b16f8/element&apos;
[DEBUG] 

Request DefaultHttpRequest(decodeResult: success, version: HTTP/1.1)
POST /session/342f9a3efb3a1d5f70c5fc858d4b16f8/element HTTP/1.1
User-Agent: selenium/4.0.0-alpha-5 (java windows)
Content-Length: 53
Content-Type: application/json; charset=utf-8
host: localhost:31468
accept: */*

Response DefaultHttpResponse(decodeResult: success, version: HTTP/1.1)
HTTP/1.1 200 OK
Content-Length: 88
Content-Type: application/json; charset=utf-8
cache-control: no-cache

[DEBUG] Adding key: http://localhost:31468 for channel [id: 0xac3b9763, L:/127.0.0.1:50733 - R:localhost/127.0.0.1:31468]
[DEBUG] Using pooled Channel &apos;[id: 0xac3b9763, L:/127.0.0.1:50733 - R:localhost/127.0.0.1:31468]&apos; for &apos;POST&apos; to &apos;http://localhost:31468/session/342f9a3efb3a1d5f70c5fc858d4b16f8/element/f6a4767e-6b21-449e-85cd-20dd84b295da/clear&apos;
[DEBUG] Using open Channel [id: 0xac3b9763, L:/127.0.0.1:50733 - R:localhost/127.0.0.1:31468] for POST &apos;/session/342f9a3efb3a1d5f70c5fc858d4b16f8/element/f6a4767e-6b21-449e-85cd-20dd84b295da/clear&apos;
[DEBUG] 

Request DefaultHttpRequest(decodeResult: success, version: HTTP/1.1)
POST /session/342f9a3efb3a1d5f70c5fc858d4b16f8/element/f6a4767e-6b21-449e-85cd-20dd84b295da/clear HTTP/1.1
User-Agent: selenium/4.0.0-alpha-5 (java windows)
Content-Length: 50
Content-Type: application/json; charset=utf-8
host: localhost:31468
accept: */*

Response DefaultHttpResponse(decodeResult: success, version: HTTP/1.1)
HTTP/1.1 200 OK
Content-Length: 14
Content-Type: application/json; charset=utf-8
cache-control: no-cache

[DEBUG] Adding key: http://localhost:31468 for channel [id: 0xac3b9763, L:/127.0.0.1:50733 - R:localhost/127.0.0.1:31468]
[DEBUG] Using pooled Channel &apos;[id: 0xac3b9763, L:/127.0.0.1:50733 - R:localhost/127.0.0.1:31468]&apos; for &apos;POST&apos; to &apos;http://localhost:31468/session/342f9a3efb3a1d5f70c5fc858d4b16f8/element/f6a4767e-6b21-449e-85cd-20dd84b295da/value&apos;
[DEBUG] Using open Channel [id: 0xac3b9763, L:/127.0.0.1:50733 - R:localhost/127.0.0.1:31468] for POST &apos;/session/342f9a3efb3a1d5f70c5fc858d4b16f8/element/f6a4767e-6b21-449e-85cd-20dd84b295da/value&apos;
[DEBUG] 

Request DefaultHttpRequest(decodeResult: success, version: HTTP/1.1)
POST /session/342f9a3efb3a1d5f70c5fc858d4b16f8/element/f6a4767e-6b21-449e-85cd-20dd84b295da/value HTTP/1.1
User-Agent: selenium/4.0.0-alpha-5 (java windows)
Content-Length: 161
Content-Type: application/json; charset=utf-8
host: localhost:31468
accept: */*

Response DefaultHttpResponse(decodeResult: success, version: HTTP/1.1)
HTTP/1.1 200 OK
Content-Length: 14
Content-Type: application/json; charset=utf-8
cache-control: no-cache

[DEBUG] Adding key: http://localhost:31468 for channel [id: 0xac3b9763, L:/127.0.0.1:50733 - R:localhost/127.0.0.1:31468]
  And User enters Email as &quot;admin1@yourstore.com&quot; and Password as &quot;admin123&quot; # stepDefinitions.Steps.user_enters_Email_as_and_Password_as(java.lang.String,java.lang.String)
[DEBUG] Using pooled Channel &apos;[id: 0xac3b9763, L:/127.0.0.1:50733 - R:localhost/127.0.0.1:31468]&apos; for &apos;POST&apos; to &apos;http://localhost:31468/session/342f9a3efb3a1d5f70c5fc858d4b16f8/element&apos;
[DEBUG] Using open Channel [id: 0xac3b9763, L:/127.0.0.1:50733 - R:localhost/127.0.0.1:31468] for POST &apos;/session/342f9a3efb3a1d5f70c5fc858d4b16f8/element&apos;
[DEBUG] 

Request DefaultHttpRequest(decodeResult: success, version: HTTP/1.1)
POST /session/342f9a3efb3a1d5f70c5fc858d4b16f8/element HTTP/1.1
User-Agent: selenium/4.0.0-alpha-5 (java windows)
Content-Length: 71
Content-Type: application/json; charset=utf-8
host: localhost:31468
accept: */*

Response DefaultHttpResponse(decodeResult: success, version: HTTP/1.1)
HTTP/1.1 200 OK
Content-Length: 88
Content-Type: application/json; charset=utf-8
cache-control: no-cache

[DEBUG] Adding key: http://localhost:31468 for channel [id: 0xac3b9763, L:/127.0.0.1:50733 - R:localhost/127.0.0.1:31468]
[DEBUG] Using pooled Channel &apos;[id: 0xac3b9763, L:/127.0.0.1:50733 - R:localhost/127.0.0.1:31468]&apos; for &apos;POST&apos; to &apos;http://localhost:31468/session/342f9a3efb3a1d5f70c5fc858d4b16f8/element/1f67ddb6-8a89-4b79-bcfb-1089f2ddbf49/click&apos;
[DEBUG] Using open Channel [id: 0xac3b9763, L:/127.0.0.1:50733 - R:localhost/127.0.0.1:31468] for POST &apos;/session/342f9a3efb3a1d5f70c5fc858d4b16f8/element/1f67ddb6-8a89-4b79-bcfb-1089f2ddbf49/click&apos;
[DEBUG] Entry count for : http://localhost:50734 : 1
[DEBUG] 

Request DefaultHttpRequest(decodeResult: success, version: HTTP/1.1)
POST /session/342f9a3efb3a1d5f70c5fc858d4b16f8/element/1f67ddb6-8a89-4b79-bcfb-1089f2ddbf49/click HTTP/1.1
User-Agent: selenium/4.0.0-alpha-5 (java windows)
Content-Length: 50
Content-Type: application/json; charset=utf-8
host: localhost:31468
accept: */*

Response DefaultHttpResponse(decodeResult: success, version: HTTP/1.1)
HTTP/1.1 200 OK
Content-Length: 14
Content-Type: application/json; charset=utf-8
cache-control: no-cache

[DEBUG] Adding key: http://localhost:31468 for channel [id: 0xac3b9763, L:/127.0.0.1:50733 - R:localhost/127.0.0.1:31468]
[DEBUG] Entry count for : http://localhost:31468 : 1
[DEBUG] Entry count for : http://localhost:50734 : 1
[DEBUG] Entry count for : http://localhost:31468 : 1
[DEBUG] Entry count for : http://localhost:50734 : 1
[DEBUG] Entry count for : http://localhost:31468 : 1
[DEBUG] Entry count for : http://localhost:50734 : 1
[DEBUG] Entry count for : http://localhost:31468 : 1
[DEBUG] Entry count for : http://localhost:50734 : 1
[DEBUG] Entry count for : http://localhost:31468 : 1
[DEBUG] Entry count for : http://localhost:50734 : 1
  And Click on Login                                                         # stepDefinitions.Steps.click_on_Login()
[DEBUG] Using pooled Channel &apos;[id: 0xac3b9763, L:/127.0.0.1:50733 - R:localhost/127.0.0.1:31468]&apos; for &apos;POST&apos; to &apos;http://localhost:31468/session/342f9a3efb3a1d5f70c5fc858d4b16f8/execute/sync&apos;
[DEBUG] Using open Channel [id: 0xac3b9763, L:/127.0.0.1:50733 - R:localhost/127.0.0.1:31468] for POST &apos;/session/342f9a3efb3a1d5f70c5fc858d4b16f8/execute/sync&apos;
[DEBUG] 

Request DefaultHttpRequest(decodeResult: success, version: HTTP/1.1)
POST /session/342f9a3efb3a1d5f70c5fc858d4b16f8/execute/sync HTTP/1.1
User-Agent: selenium/4.0.0-alpha-5 (java windows)
Content-Length: 176
Content-Type: application/json; charset=utf-8
host: localhost:31468
accept: */*

Response DefaultHttpResponse(decodeResult: success, version: HTTP/1.1)
HTTP/1.1 200 OK
Content-Length: 4978
Content-Type: application/json; charset=utf-8
cache-control: no-cache

[DEBUG] Adding key: http://localhost:31468 for channel [id: 0xac3b9763, L:/127.0.0.1:50733 - R:localhost/127.0.0.1:31468]
[DEBUG] Using pooled Channel &apos;[id: 0xac3b9763, L:/127.0.0.1:50733 - R:localhost/127.0.0.1:31468]&apos; for &apos;DELETE&apos; to &apos;http://localhost:31468/session/342f9a3efb3a1d5f70c5fc858d4b16f8/window&apos;
[DEBUG] Using open Channel [id: 0xac3b9763, L:/127.0.0.1:50733 - R:localhost/127.0.0.1:31468] for DELETE &apos;/session/342f9a3efb3a1d5f70c5fc858d4b16f8/window&apos;
[DEBUG] Channel Closed: [id: 0xe6b885d2, L:/127.0.0.1:50742 ! R:localhost/127.0.0.1:50734] with attribute DISCARD
[DEBUG] Channel Closed: [id: 0x72aa4b5a, L:/127.0.0.1:50743 ! R:localhost/127.0.0.1:50734] with attribute NettyResponseFuture{currentRetry=5,
	isDone=1,
	isCancelled=0,
	asyncHandler=org.asynchttpclient.ws.WebSocketUpgradeHandler@fc50f5,
	nettyRequest=org.asynchttpclient.netty.request.NettyRequest@ad8936,
	future=java.util.concurrent.CompletableFuture@10d0351[Completed normally],
	uri=ws://localhost:50734/devtools/browser/a97aacad-5954-41b6-ad76-42f89c868e5c,
	keepAlive=true,
	redirectCount=0,
	timeoutsHolder=null,
	inAuth=0,
	touch=1587288417197}
[DEBUG] Closing Channel [id: 0x72aa4b5a, L:/127.0.0.1:50743 ! R:localhost/127.0.0.1:50734] 
[DEBUG] 

Request DefaultFullHttpRequest(decodeResult: success, version: HTTP/1.1, content: EmptyByteBufBE)
DELETE /session/342f9a3efb3a1d5f70c5fc858d4b16f8/window HTTP/1.1
User-Agent: selenium/4.0.0-alpha-5 (java windows)
host: localhost:31468
accept: */*

Response DefaultHttpResponse(decodeResult: success, version: HTTP/1.1)
HTTP/1.1 200 OK
Content-Length: 12
Content-Type: application/json; charset=utf-8
cache-control: no-cache

[DEBUG] Adding key: http://localhost:31468 for channel [id: 0xac3b9763, L:/127.0.0.1:50733 - R:localhost/127.0.0.1:31468]
  Then Page Title should be &quot;Dashboard / nopCommerce administration&quot;         # stepDefinitions.Steps.page_Title_should_be(java.lang.String)
      java.lang.AssertionError
	at org.junit.Assert.fail(Assert.java:87)
	at org.junit.Assert.assertTrue(Assert.java:42)
	at org.junit.Assert.assertTrue(Assert.java:53)
	at stepDefinitions.Steps.page_Title_should_be(Steps.java:46)
	at ?.Page Title should be &quot;Dashboard / nopCommerce administration&quot;(file:///D:/AutomationFramework/AutomationFramework/./Features/Login.feature:18)

  When User click on Log out link                                            # stepDefinitions.Steps.user_click_on_Log_out_link()
  Then Page Title should be &quot;Your store. Login&quot;                              # stepDefinitions.Steps.page_Title_should_be(java.lang.String)
  And close browser                                                          # stepDefinitions.Steps.close_browser()
</system-out>
    <system-err>Starting ChromeDriver 81.0.4044.69 (6813546031a4bc83f717a2ef7cd4ac6ec1199132-refs/branch-heads/4044@{#776}) on port 31468
Only local connections are allowed.
Please protect ports used by ChromeDriver and related test frameworks to prevent access by malicious code.
Apr 19, 2020 2:56:57 PM org.openqa.selenium.remote.ProtocolHandshake createSession
INFO: Detected dialect: W3C
[1587288420.027][SEVERE]: Timed out receiving message from renderer: 0.100
</system-err>
  </testcase>
</testsuite>