<?xml version="1.0" encoding="UTF-8"?>
<!-- Generated by org.testng.reporters.JUnitReportReporter -->
<testsuite skipped="0" hostname="SagarChawla-PC" name="TestRunner.TestRun" tests="6" failures="1" timestamp="2020-05-03T00:11:09 IST" time="139.022" errors="0">
  <testcase name="runScenario" time="35.484" classname="TestRunner.TestRun"/>
  <system-out/>
  <testcase name="runScenario" time="18.900" classname="TestRunner.TestRun"/>
  <system-out/>
  <testcase name="runScenario" time="25.795" classname="TestRunner.TestRun"/>
  <system-out/>
  <testcase name="runScenario" time="20.927" classname="TestRunner.TestRun"/>
  <system-out/>
  <testcase name="runScenario" time="10.154" classname="TestRunner.TestRun">
    <failure type="java.lang.AssertionError" message="expected [Your store. Login] but found [Dashboard / nopCommerce administration]">
      <![CDATA[java.lang.AssertionError: expected [Your store. Login] but found [Dashboard / nopCommerce administration]
at org.testng.Assert.fail(Assert.java:97)
at org.testng.Assert.assertEqualsImpl(Assert.java:136)
at org.testng.Assert.assertEquals(Assert.java:118)
at org.testng.Assert.assertEquals(Assert.java:575)
at org.testng.Assert.assertEquals(Assert.java:585)
at pageObjects.LoginPage.verifyPageTitle(LoginPage.java:51)
at stepDefinitions.Steps.page_Title_should_be(Steps.java:44)
at ✽.Page Title should be "Dashboard / nopCommerce administration"(file:Features/Login.feature:20)
]]>
    </failure>
  </testcase> <!-- runScenario -->
  <system-out/>
  <testcase name="runScenario" time="27.762" classname="TestRunner.TestRun"/>
  <system-out/>
</testsuite> <!-- TestRunner.TestRun -->
